{"/Users/kodingworks/Documents/Arif/Learn/testing-koajs-with-jest-and-superagent/src/server.js": {"path":"/Users/kodingworks/Documents/Arif/Learn/testing-koajs-with-jest-and-superagent/src/server.js","statementMap":{"0":{"start":{"line":1,"column":12},"end":{"line":1,"column":26}},"1":{"start":{"line":2,"column":16},"end":{"line":2,"column":35}},"2":{"start":{"line":3,"column":15},"end":{"line":3,"column":37}},"3":{"start":{"line":5,"column":12},"end":{"line":5,"column":21}},"4":{"start":{"line":6,"column":15},"end":{"line":6,"column":27}},"5":{"start":{"line":8,"column":0},"end":{"line":8,"column":19}},"6":{"start":{"line":11,"column":1},"end":{"line":11,"column":19}},"7":{"start":{"line":13,"column":1},"end":{"line":13,"column":8}},"8":{"start":{"line":15,"column":1},"end":{"line":15,"column":30}},"9":{"start":{"line":18,"column":0},"end":{"line":32,"column":3}},"10":{"start":{"line":19,"column":15},"end":{"line":28,"column":2}},"11":{"start":{"line":30,"column":1},"end":{"line":30,"column":18}},"12":{"start":{"line":31,"column":1},"end":{"line":31,"column":18}},"13":{"start":{"line":34,"column":0},"end":{"line":46,"column":3}},"14":{"start":{"line":35,"column":33},"end":{"line":35,"column":49}},"15":{"start":{"line":37,"column":1},"end":{"line":39,"column":2}},"16":{"start":{"line":38,"column":2},"end":{"line":38,"column":38}},"17":{"start":{"line":41,"column":1},"end":{"line":44,"column":3}},"18":{"start":{"line":45,"column":1},"end":{"line":45,"column":18}},"19":{"start":{"line":48,"column":0},"end":{"line":48,"column":54}},"20":{"start":{"line":49,"column":0},"end":{"line":49,"column":19}},"21":{"start":{"line":51,"column":13},"end":{"line":51,"column":17}},"22":{"start":{"line":53,"column":15},"end":{"line":55,"column":2}},"23":{"start":{"line":54,"column":1},"end":{"line":54,"column":61}},"24":{"start":{"line":57,"column":0},"end":{"line":61,"column":2}}},"fnMap":{"0":{"name":"greetings","decl":{"start":{"line":10,"column":15},"end":{"line":10,"column":24}},"loc":{"start":{"line":10,"column":36},"end":{"line":16,"column":1}},"line":10},"1":{"name":"(anonymous_1)","decl":{"start":{"line":18,"column":21},"end":{"line":18,"column":22}},"loc":{"start":{"line":18,"column":36},"end":{"line":32,"column":1}},"line":18},"2":{"name":"(anonymous_2)","decl":{"start":{"line":34,"column":22},"end":{"line":34,"column":23}},"loc":{"start":{"line":34,"column":37},"end":{"line":46,"column":1}},"line":34},"3":{"name":"(anonymous_3)","decl":{"start":{"line":53,"column":32},"end":{"line":53,"column":33}},"loc":{"start":{"line":53,"column":38},"end":{"line":55,"column":1}},"line":53}},"branchMap":{"0":{"loc":{"start":{"line":37,"column":1},"end":{"line":39,"column":2}},"type":"if","locations":[{"start":{"line":37,"column":1},"end":{"line":39,"column":2}},{"start":{"line":37,"column":1},"end":{"line":39,"column":2}}],"line":37},"1":{"loc":{"start":{"line":37,"column":5},"end":{"line":37,"column":28}},"type":"binary-expr","locations":[{"start":{"line":37,"column":5},"end":{"line":37,"column":15}},{"start":{"line":37,"column":19},"end":{"line":37,"column":28}}],"line":37}},"s":{"0":1,"1":1,"2":1,"3":1,"4":1,"5":1,"6":1,"7":1,"8":1,"9":1,"10":1,"11":1,"12":1,"13":1,"14":4,"15":4,"16":3,"17":1,"18":1,"19":1,"20":1,"21":1,"22":1,"23":1,"24":1},"f":{"0":1,"1":1,"2":4,"3":1},"b":{"0":[3,1],"1":[4,2]},"_coverageSchema":"1a1c01bbd47fc00a2c39e90264f33305004495a9","hash":"582d28d89ee475c935168f5aa5f99052ee0b0070"}
}
